# JRE version: 7.0_25-b17
# Java VM: Java HotSpot(TM) Client VM (23.25-b01 mixed mode windows-x86 )
Heap
 def new generation   total 9152K, used 9151K [0x03b00000, 0x044e0000, 0x19050000)
  eden space 8192K, 100% used [0x03b00000, 0x04300000, 0x04300000)
  from space 960K,  99% used [0x04300000, 0x043efff8, 0x043f0000)
  to   space 960K,  99% used [0x043f0000, 0x044dfff8, 0x044e0000)
 tenured generation   total 20216K, used 20212K [0x19050000, 0x1a40e000, 0x43b00000)
   the space 20216K,  99% used [0x19050000, 0x1a40d3c8, 0x1a40d400, 0x1a40e000)
 compacting perm gen  total 12288K, used 3627K [0x43b00000, 0x44700000, 0x47b00000)
   the space 12288K,  29% used [0x43b00000, 0x43e8af98, 0x43e8b000, 0x44700000)
GC Heap History (10 events):
Event: 1.764 GC heap after
Heap after GC invocations=19 (full 1):
 def new generation   total 8768K, used 960K [0x03b00000, 0x04480000, 0x19050000)
  eden space 7808K,   0% used [0x03b00000, 0x03b00000, 0x042a0000)
  from space 960K, 100% used [0x042a0000, 0x04390000, 0x04390000)
  to   space 960K,   0% used [0x04390000, 0x04390000, 0x04480000)
 tenured generation   total 19308K, used 16549K [0x19050000, 0x1a32b000, 0x43b00000)
   the space 19308K,  85% used [0x19050000, 0x1a079428, 0x1a079600, 0x1a32b000)
 compacting perm gen  total 12288K, used 3623K [0x43b00000, 0x44700000, 0x47b00000)
   the space 12288K,  29% used [0x43b00000, 0x43e89db8, 0x43e89e00, 0x44700000)
No shared spaces configured.
}
Event: 1.818 GC heap before
{Heap before GC invocations=19 (full 1):
 def new generation   total 8768K, used 8768K [0x03b00000, 0x04480000, 0x19050000)
  eden space 7808K, 100% used [0x03b00000, 0x042a0000, 0x042a0000)
  from space 960K, 100% used [0x042a0000, 0x04390000, 0x04390000)
  to   space 960K,   0% used [0x04390000, 0x04390000, 0x04480000)
 tenured generation   total 19308K, used 16549K [0x19050000, 0x1a32b000, 0x43b00000)
   the space 19308K,  85% used [0x19050000, 0x1a079428, 0x1a079600, 0x1a32b000)
 compacting perm gen  total 12288K, used 3624K [0x43b00000, 0x44700000, 0x47b00000)
   the space 12288K,  29% used [0x43b00000, 0x43e8a310, 0x43e8a400, 0x44700000)
No shared spaces configured.
Event: 1.825 GC heap after
Heap after GC invocations=20 (full 1):
 def new generation   total 8768K, used 960K [0x03b00000, 0x04480000, 0x19050000)
  eden space 7808K,   0% used [0x03b00000, 0x03b00000, 0x042a0000)
  from space 960K, 100% used [0x04390000, 0x04480000, 0x04480000)
  to   space 960K,   0% used [0x042a0000, 0x042a0000, 0x04390000)
 tenured generation   total 19308K, used 17655K [0x19050000, 0x1a32b000, 0x43b00000)
   the space 19308K,  91% used [0x19050000, 0x1a18df58, 0x1a18e000, 0x1a32b000)
 compacting perm gen  total 12288K, used 3624K [0x43b00000, 0x44700000, 0x47b00000)
   the space 12288K,  29% used [0x43b00000, 0x43e8a310, 0x43e8a400, 0x44700000)
No shared spaces configured.
}
Event: 1.858 GC heap before
{Heap before GC invocations=20 (full 1):
 def new generation   total 8768K, used 8768K [0x03b00000, 0x04480000, 0x19050000)
  eden space 7808K, 100% used [0x03b00000, 0x042a0000, 0x042a0000)
  from space 960K, 100% used [0x04390000, 0x04480000, 0x04480000)
  to   space 960K,   0% used [0x042a0000, 0x042a0000, 0x04390000)
 tenured generation   total 19308K, used 17655K [0x19050000, 0x1a32b000, 0x43b00000)
   the space 19308K,  91% used [0x19050000, 0x1a18df58, 0x1a18e000, 0x1a32b000)
 compacting perm gen  total 12288K, used 3624K [0x43b00000, 0x44700000, 0x47b00000)
   the space 12288K,  29% used [0x43b00000, 0x43e8a320, 0x43e8a400, 0x44700000)
No shared spaces configured.
Event: 1.865 GC heap after
Heap after GC invocations=21 (full 1):
 def new generation   total 8768K, used 960K [0x03b00000, 0x04480000, 0x19050000)
  eden space 7808K,   0% used [0x03b00000, 0x03b00000, 0x042a0000)
  from space 960K, 100% used [0x042a0000, 0x04390000, 0x04390000)
  to   space 960K,   0% used [0x04390000, 0x04390000, 0x04480000)
 tenured generation   total 19308K, used 18811K [0x19050000, 0x1a32b000, 0x43b00000)
   the space 19308K,  97% used [0x19050000, 0x1a2aee98, 0x1a2af000, 0x1a32b000)
 compacting perm gen  total 12288K, used 3624K [0x43b00000, 0x44700000, 0x47b00000)
   the space 12288K,  29% used [0x43b00000, 0x43e8a320, 0x43e8a400, 0x44700000)
No shared spaces configured.
}
Event: 1.972 GC heap before
{Heap before GC invocations=21 (full 1):
 def new generation   total 8768K, used 8768K [0x03b00000, 0x04480000, 0x19050000)
  eden space 7808K, 100% used [0x03b00000, 0x042a0000, 0x042a0000)
  from space 960K, 100% used [0x042a0000, 0x04390000, 0x04390000)
  to   space 960K,   0% used [0x04390000, 0x04390000, 0x04480000)
 tenured generation   total 19308K, used 18811K [0x19050000, 0x1a32b000, 0x43b00000)
   the space 19308K,  97% used [0x19050000, 0x1a2aee98, 0x1a2af000, 0x1a32b000)
 compacting perm gen  total 12288K, used 3627K [0x43b00000, 0x44700000, 0x47b00000)
   the space 12288K,  29% used [0x43b00000, 0x43e8aee8, 0x43e8b000, 0x44700000)
No shared spaces configured.
Event: 2.056 GC heap after
Heap after GC invocations=22 (full 2):
 def new generation   total 9152K, used 0K [0x03b00000, 0x044e0000, 0x19050000)
  eden space 8192K,   0% used [0x03b00000, 0x03b00000, 0x04300000)
  from space 960K,   0% used [0x04300000, 0x04300000, 0x043f0000)
  to   space 960K,   0% used [0x043f0000, 0x043f0000, 0x044e0000)
 tenured generation   total 20076K, used 19260K [0x19050000, 0x1a3eb000, 0x43b00000)
   the space 20076K,  95% used [0x19050000, 0x1a31f380, 0x1a31f400, 0x1a3eb000)
 compacting perm gen  total 12288K, used 3627K [0x43b00000, 0x44700000, 0x47b00000)
   the space 12288K,  29% used [0x43b00000, 0x43e8aee8, 0x43e8b000, 0x44700000)
No shared spaces configured.
}
Event: 2.099 GC heap before
{Heap before GC invocations=22 (full 2):
 def new generation   total 9152K, used 8192K [0x03b00000, 0x044e0000, 0x19050000)
  eden space 8192K, 100% used [0x03b00000, 0x04300000, 0x04300000)
  from space 960K,   0% used [0x04300000, 0x04300000, 0x043f0000)
  to   space 960K,   0% used [0x043f0000, 0x043f0000, 0x044e0000)
 tenured generation   total 20076K, used 19260K [0x19050000, 0x1a3eb000, 0x43b00000)
   the space 20076K,  95% used [0x19050000, 0x1a31f380, 0x1a31f400, 0x1a3eb000)
 compacting perm gen  total 12288K, used 3627K [0x43b00000, 0x44700000, 0x47b00000)
   the space 12288K,  29% used [0x43b00000, 0x43e8aef8, 0x43e8b000, 0x44700000)
No shared spaces configured.
Event: 2.104 GC heap after
Heap after GC invocations=23 (full 2):
 def new generation   total 9152K, used 959K [0x03b00000, 0x044e0000, 0x19050000)
  eden space 8192K,   0% used [0x03b00000, 0x03b00000, 0x04300000)
  from space 960K,  99% used [0x043f0000, 0x044dfff8, 0x044e0000)
  to   space 960K,   0% used [0x04300000, 0x04300000, 0x043f0000)
 tenured generation   total 20076K, used 19541K [0x19050000, 0x1a3eb000, 0x43b00000)
   the space 20076K,  97% used [0x19050000, 0x1a3654a8, 0x1a365600, 0x1a3eb000)
 compacting perm gen  total 12288K, used 3627K [0x43b00000, 0x44700000, 0x47b00000)
   the space 12288K,  29% used [0x43b00000, 0x43e8aef8, 0x43e8b000, 0x44700000)
No shared spaces configured.
}
Event: 2.151 GC heap before
{Heap before GC invocations=23 (full 2):
 def new generation   total 9152K, used 9151K [0x03b00000, 0x044e0000, 0x19050000)
  eden space 8192K, 100% used [0x03b00000, 0x04300000, 0x04300000)
  from space 960K,  99% used [0x043f0000, 0x044dfff8, 0x044e0000)
  to   space 960K,   0% used [0x04300000, 0x04300000, 0x043f0000)
 tenured generation   total 20076K, used 19541K [0x19050000, 0x1a3eb000, 0x43b00000)
   the space 20076K,  97% used [0x19050000, 0x1a3654a8, 0x1a365600, 0x1a3eb000)
 compacting perm gen  total 12288K, used 3627K [0x43b00000, 0x44700000, 0x47b00000)
   the space 12288K,  29% used [0x43b00000, 0x43e8af98, 0x43e8b000, 0x44700000)
No shared spaces configured.

